<?xml version="1.0" encoding="UTF-8"?>
<testsuite name="com.app.server.service.appbasicsetup.userrolemanagement.RolesTestCase" tests="5" skipped="0" failures="0" errors="0" timestamp="2016-06-07T07:34:36" hostname="89204455fefc" time="0.481">
  <properties/>
  <testcase name="test1Save" classname="com.app.server.service.appbasicsetup.userrolemanagement.RolesTestCase" time="0.132"/>
  <testcase name="test2Update" classname="com.app.server.service.appbasicsetup.userrolemanagement.RolesTestCase" time="0.055"/>
  <testcase name="test3FindById" classname="com.app.server.service.appbasicsetup.userrolemanagement.RolesTestCase" time="0.008"/>
  <testcase name="test5NegativeTesting" classname="com.app.server.service.appbasicsetup.userrolemanagement.RolesTestCase" time="0.035"/>
  <testcase name="test6Delete" classname="com.app.server.service.appbasicsetup.userrolemanagement.RolesTestCase" time="0.249"/>
  <system-out><![CDATA[Tue Jun 07 07:34:36 UTC 2016|Log Manager Factory|Initialization Process started.....
Tue Jun 07 07:34:36 UTC 2016|Log Manager|Initialized with Path = [/home/applifire/workspace/proj3/src/main/webapp/WEB-INF/conf]
Tue Jun 07 07:34:36 UTC 2016|Alarm Manager|Initialized with Path = [/home/applifire/workspace/proj3/src/main/webapp/WEB-INF/conf]
Tue Jun 07 07:34:36 UTC 2016|Alarm Manager|Loading Alarms ......
Tue Jun 07 07:34:36 UTC 2016|Alarm XML Parser|FWA|XML Parsing Complete........ 
Tue Jun 07 07:34:36 UTC 2016|Alarm File Manager|FWA|Alarm File Status.. [ApplicationFrameworkAlarms.xml]|Version=15|Status=Done 
Tue Jun 07 07:34:36 UTC 2016|Alarm File Manager|FWA|Alarm Stats = ( BC/AL=4/676 SYS=4/10 [676/0]  TPL=0/0 [0/0]  APP= A.Map=[759]  E.Map EC/RC=[322/67] )
Tue Jun 07 07:34:36 UTC 2016|Alarm XML Parser|APP|XML Parsing Complete........ 
Tue Jun 07 07:34:36 UTC 2016|Alarm File Manager|APP|Alarm File Status.. [ApplicationAlarms.xml]|Version=1|Status=Done 
Tue Jun 07 07:34:36 UTC 2016|Alarm File Manager|APP|Alarm Stats = ( BC/AL=4/676 SYS=4/10 [676/0]  TPL=0/0 [0/0]  APP=0/0 [0/0]  A.Map=[759]  E.Map EC/RC=[322/67] )
Tue Jun 07 07:34:36 UTC 2016|ApplicationAlarmContext| <><><><><> Create App Alarms ....  <><><><><> 
Tue Jun 07 07:34:36 UTC 2016|ApplicationAlarmContext|Alarms are generated ONLY in Development Mode.. 
Tue Jun 07 07:34:36 UTC 2016|Alarm Manager|APP|Alarm Stats = ( BC/AL=4/676 SYS=4/10 [676/0]  TPL=0/0 [0/0]  APP=0/0 [0/0]  A.Map=[759]  E.Map EC/RC=[322/67] )
Tue Jun 07 07:34:36 UTC 2016|Alarm Manager|Initialized Exception Lookup...
Tue Jun 07 07:34:36 UTC 2016|Log Manager|Initialize Log Config File ......
Tue Jun 07 07:34:36 UTC 2016|Pluggable Connectors|Adding Connectors : StandardOutputConnector isEnabled=true isDefault=false isFallBack=true
Tue Jun 07 07:34:36 UTC 2016|Pluggable Connectors|Adding Connectors : StandardFileConnector isEnabled=true isDefault=false isFallBack=false
Tue Jun 07 07:34:36 UTC 2016|Pluggable Connectors|Adding Connectors : Sprinkler isEnabled=true isDefault=true isFallBack=false
Tue Jun 07 07:34:36 UTC 2016|Pluggable Connectors|Default Connector Name : com.spartan.logger.core.LogMessenger
Tue Jun 07 07:34:36 UTC 2016|Log Config Parser|Connector Least Log Level =[4]  FallBack Log Level =[3]
Tue Jun 07 07:34:36 UTC 2016|Log Manager|Loading Default Connector for Logging ......
Tue Jun 07 07:34:36 UTC 2016|Log Manager|Loading class .. com.spartan.logger.core.LogMessenger
Tue Jun 07 07:34:36 UTC 2016|Plugggable Connector|Connector class com.spartan.logger.core.LogMessenger Initialized... @ Log Level = 3
Tue Jun 07 07:34:36 UTC 2016|Log Manager|Starting the Default Connector [com.spartan.logger.core.LogMessenger@2a1afbff] ....
Tue Jun 07 07:34:36 UTC 2016|Scheduler|Starting the Scheduler ......
Tue Jun 07 07:34:36 UTC 2016|Scheduler|Adding [LMID=[61f58d08-8b0b-470f-acb8-f90bd3fc4347]] Delay=5 Time Unit=MINUTES
Tue Jun 07 07:34:36 UTC 2016|Scheduler|Adding [App Alarm Manager File=[ApplicationAlarms.xml]] Delay=30 Time Unit=MINUTES
Tue Jun 07 07:34:36 UTC 2016|Scheduler|Adding [FW Alarm Manager File=[ApplicationFrameworkAlarms.xml]] Delay=3 Time Unit=MINUTES
Tue Jun 07 07:34:36 UTC 2016|Scheduler|Startup Completed..
Tue Jun 07 07:34:36 UTC 2016|Log Manager|Initialization Process Complete ......
Tue Jun 07 07:34:36 UTC 2016|Log Manager Factory|Log Manager READY! ID = 61f58d08-8b0b-470f-acb8-f90bd3fc4347
[EL Fine]: sql: 2016-06-07 07:34:36.051--ClientSession(1132122313)--Connection(309679216)--Thread(Thread[Test worker,5,main])--INSERT INTO ast_AppMenus_M (menuId, appId, appType, autoSave, menuAccessRights, menuAction, menuCommands, menuDisplay, menuHead, menuIcon, menuLabel, menuTreeId, RefObjectId, uiType, versionId, createdBy, createdDate, updatedBy, updatedDate, activeStatus, txnAccessCode) VALUES (?, ?, ?, ?, ?, ?, ?, ?, ?, ?, ?, ?, ?, ?, ?, ?, ?, ?, ?, ?, ?)
	bind => [26F36520-43E5-4C07-BEFB-4BA1C1AF06D3, uKavFbMmJc7kLcT6L1frFIuJtxlWUilzYAewn328NZF0dA9fs2, 2, true, 9, gZcEIlUz6OmCM6EvHfWvb64pzCJtMcnVHZKcjbvS4ioFyn3t2d, 9Yv6i2GlqNGrau1LtQo7T0L8xlAYiYpEjwkgcE4Bvm8qjGp58x, true, true, AnWxq2FMiv6hrXFkTQaXPwMOs74uLzpWiwh2kpt16DoGiixOHC, eWX2FsfzFaZl9GXPft3dG4Cq2cCuNbx0oP9sbFGUPbWLhEpdMN, WgN0edhUcy8CkvymCHdRWD18GpYOaVHH8eMuTH2437APH6wSTv, mzADuYLE4d9kpNnA2vtSw3t0lXSkcAG8dDGqmZbMPZxUT6jJLo, 3ld, 1, AAAAA, 2016-06-07 07:34:36.044, AAAAA, 2016-06-07 07:34:36.044, 1, 51000]
Setting logged in user info for ADD
Setting logged in user info for ADD
[EL Fine]: sql: 2016-06-07 07:34:36.107--ClientSession(801079709)--Connection(309679216)--Thread(Thread[Test worker,5,main])--INSERT INTO ast_Roles_T (roleId, RoleDescription, roleHelp, RoleIcon, RoleName, versionId, createdBy, createdDate, updatedBy, updatedDate, activeStatus, txnAccessCode) VALUES (?, ?, ?, ?, ?, ?, ?, ?, ?, ?, ?, ?)
	bind => [50CB171F-D0AC-4B2B-995B-44B88B7E3A6C, XhBz4yFtWrpK0dGoVwnfMB4A3YT8FndNYhi7HApNoTrJwvdl20, SrQXFfo8cAkjqukOQAymUmccYwEGWF0KHNz3dIjoe75I7fbmmH, 1U5MP0PNPGG4O55evLHKM2zPkVwwn1ZizKqmqiyxttMLlMpDjR, tNOj6pL7Y1djoaMT4kayK2JTMmHjreJgEQeSkOnk78jeKwj2RW, 1, AAAAA, 2016-06-07 07:34:36.044, AAAAA, 2016-06-07 07:34:36.044, 1, 51000]
[EL Fine]: sql: 2016-06-07 07:34:36.109--ClientSession(801079709)--Connection(309679216)--Thread(Thread[Test worker,5,main])--INSERT INTO ast_RoleMenuBridge_TP (roleMenuMapId, isExecute, isRead, isWrite, menuId, versionId, createdBy, createdDate, updatedBy, updatedDate, activeStatus, txnAccessCode, roleId) VALUES (?, ?, ?, ?, ?, ?, ?, ?, ?, ?, ?, ?, ?)
	bind => [27207336-1E9B-44DA-A81E-6FC123439DC2, true, true, true, 26F36520-43E5-4C07-BEFB-4BA1C1AF06D3, 1, AAAAA, 2016-06-07 07:34:36.044, AAAAA, 2016-06-07 07:34:36.044, 1, 51000, 50CB171F-D0AC-4B2B-995B-44B88B7E3A6C]
[EL Fine]: sql: 2016-06-07 07:34:36.165--ClientSession(2003123001)--Connection(309679216)--Thread(Thread[Test worker,5,main])--SELECT roleId, RoleDescription, roleHelp, RoleIcon, RoleName, versionId, createdBy, createdDate, updatedBy, updatedDate, activeStatus, txnAccessCode FROM ast_Roles_T WHERE ((activeStatus = ?) AND (roleId = ?))
	bind => [1, 50CB171F-D0AC-4B2B-995B-44B88B7E3A6C]
[EL Fine]: sql: 2016-06-07 07:34:36.166--ClientSession(2003123001)--Connection(309679216)--Thread(Thread[Test worker,5,main])--SELECT roleMenuMapId, isExecute, isRead, isWrite, menuId, versionId, createdBy, createdDate, updatedBy, updatedDate, activeStatus, txnAccessCode, roleId FROM ast_RoleMenuBridge_TP WHERE (roleId = ?)
	bind => [50CB171F-D0AC-4B2B-995B-44B88B7E3A6C]
Setting logged in user info for UPDATE
Setting logged in user info for UPDATE
[EL Fine]: sql: 2016-06-07 07:34:36.17--ClientSession(1200692436)--Connection(309679216)--Thread(Thread[Test worker,5,main])--SELECT roleId, RoleDescription, roleHelp, RoleIcon, RoleName, versionId, createdBy, createdDate, updatedBy, updatedDate, activeStatus, txnAccessCode FROM ast_Roles_T WHERE (roleId = ?)
	bind => [50CB171F-D0AC-4B2B-995B-44B88B7E3A6C]
[EL Fine]: sql: 2016-06-07 07:34:36.171--ClientSession(1200692436)--Connection(309679216)--Thread(Thread[Test worker,5,main])--SELECT roleMenuMapId, isExecute, isRead, isWrite, menuId, versionId, createdBy, createdDate, updatedBy, updatedDate, activeStatus, txnAccessCode, roleId FROM ast_RoleMenuBridge_TP WHERE (roleId = ?)
	bind => [50CB171F-D0AC-4B2B-995B-44B88B7E3A6C]
[EL Fine]: sql: 2016-06-07 07:34:36.173--ClientSession(1200692436)--Connection(309679216)--Thread(Thread[Test worker,5,main])--UPDATE ast_Roles_T SET RoleDescription = ?, roleHelp = ?, RoleIcon = ?, RoleName = ?, versionId = ? WHERE ((roleId = ?) AND (versionId = ?))
	bind => [VTBHhKdxTWioTsRvoT9Bj8V86agSdbEfn89B7OcjYuh4oxTCx3, LQyW8DAiq8NGzKcRqdmsTdPKPYNA2ZAzQ85TEH3t4t1zusQieM, CsBcOHU3LIYE8RwBtJjYJpssjdkzBYcLUz3IWZFeTsIvnQcVRP, 78g2kd8hc5sOR5iSlEBeePTDcfmwtWfCMknkVZJmza25gLdHjF, 2, 50CB171F-D0AC-4B2B-995B-44B88B7E3A6C, 1]
[EL Fine]: sql: 2016-06-07 07:34:36.217--ClientSession(2109798084)--Connection(309679216)--Thread(Thread[Test worker,5,main])--SELECT roleId, RoleDescription, roleHelp, RoleIcon, RoleName, versionId, createdBy, createdDate, updatedBy, updatedDate, activeStatus, txnAccessCode FROM ast_Roles_T WHERE ((activeStatus = ?) AND (roleId = ?))
	bind => [1, 50CB171F-D0AC-4B2B-995B-44B88B7E3A6C]
[EL Fine]: sql: 2016-06-07 07:34:36.218--ClientSession(2109798084)--Connection(309679216)--Thread(Thread[Test worker,5,main])--SELECT roleMenuMapId, isExecute, isRead, isWrite, menuId, versionId, createdBy, createdDate, updatedBy, updatedDate, activeStatus, txnAccessCode, roleId FROM ast_RoleMenuBridge_TP WHERE (roleId = ?)
	bind => [50CB171F-D0AC-4B2B-995B-44B88B7E3A6C]
[EL Fine]: sql: 2016-06-07 07:34:36.268--ClientSession(1923326728)--Connection(309679216)--Thread(Thread[Test worker,5,main])--SELECT roleId, RoleDescription, roleHelp, RoleIcon, RoleName, versionId, createdBy, createdDate, updatedBy, updatedDate, activeStatus, txnAccessCode FROM ast_Roles_T WHERE (roleId = ?)
	bind => [50CB171F-D0AC-4B2B-995B-44B88B7E3A6C]
[EL Fine]: sql: 2016-06-07 07:34:36.27--ClientSession(1923326728)--Connection(309679216)--Thread(Thread[Test worker,5,main])--SELECT roleMenuMapId, isExecute, isRead, isWrite, menuId, versionId, createdBy, createdDate, updatedBy, updatedDate, activeStatus, txnAccessCode, roleId FROM ast_RoleMenuBridge_TP WHERE (roleId = ?)
	bind => [50CB171F-D0AC-4B2B-995B-44B88B7E3A6C]
[EL Fine]: sql: 2016-06-07 07:34:36.274--ClientSession(1923326728)--Connection(309679216)--Thread(Thread[Test worker,5,main])--DELETE FROM ast_RoleMenuBridge_TP WHERE ((roleMenuMapId = ?) AND (versionId = ?))
	bind => [27207336-1E9B-44DA-A81E-6FC123439DC2, 1]
[EL Fine]: sql: 2016-06-07 07:34:36.276--ClientSession(1923326728)--Connection(309679216)--Thread(Thread[Test worker,5,main])--DELETE FROM ast_Roles_T WHERE ((roleId = ?) AND (versionId = ?))
	bind => [50CB171F-D0AC-4B2B-995B-44B88B7E3A6C, 2]
[EL Fine]: sql: 2016-06-07 07:34:36.368--ClientSession(721376168)--Connection(309679216)--Thread(Thread[Test worker,5,main])--SELECT menuId, appId, appType, autoSave, menuAccessRights, menuAction, menuCommands, menuDisplay, menuHead, menuIcon, menuLabel, menuTreeId, RefObjectId, uiType, versionId, createdBy, createdDate, updatedBy, updatedDate, activeStatus, txnAccessCode FROM ast_AppMenus_M WHERE (menuId = ?)
	bind => [26F36520-43E5-4C07-BEFB-4BA1C1AF06D3]
[EL Fine]: sql: 2016-06-07 07:34:36.37--ClientSession(721376168)--Connection(309679216)--Thread(Thread[Test worker,5,main])--DELETE FROM ast_AppMenus_M WHERE ((menuId = ?) AND (versionId = ?))
	bind => [26F36520-43E5-4C07-BEFB-4BA1C1AF06D3, 1]
]]></system-out>
  <system-err><![CDATA[java.lang.NoSuchFieldException: RoleName
	at java.lang.Class.getDeclaredField(Class.java:1961)
	at com.app.server.service.appbasicsetup.userrolemanagement.RolesTestCase.test5NegativeTesting(RolesTestCase.java:246)
	at sun.reflect.NativeMethodAccessorImpl.invoke0(Native Method)
	at sun.reflect.NativeMethodAccessorImpl.invoke(NativeMethodAccessorImpl.java:57)
	at sun.reflect.DelegatingMethodAccessorImpl.invoke(DelegatingMethodAccessorImpl.java:43)
	at java.lang.reflect.Method.invoke(Method.java:606)
	at org.junit.runners.model.FrameworkMethod$1.runReflectiveCall(FrameworkMethod.java:47)
	at org.junit.internal.runners.model.ReflectiveCallable.run(ReflectiveCallable.java:12)
	at org.junit.runners.model.FrameworkMethod.invokeExplosively(FrameworkMethod.java:44)
	at org.junit.internal.runners.statements.InvokeMethod.evaluate(InvokeMethod.java:17)
	at org.junit.internal.runners.statements.RunBefores.evaluate(RunBefores.java:26)
	at org.springframework.test.context.junit4.statements.RunBeforeTestMethodCallbacks.evaluate(RunBeforeTestMethodCallbacks.java:74)
	at org.junit.internal.runners.statements.RunAfters.evaluate(RunAfters.java:27)
	at org.springframework.test.context.junit4.statements.RunAfterTestMethodCallbacks.evaluate(RunAfterTestMethodCallbacks.java:83)
	at org.springframework.test.context.junit4.statements.SpringRepeat.evaluate(SpringRepeat.java:72)
	at org.springframework.test.context.junit4.SpringJUnit4ClassRunner.runChild(SpringJUnit4ClassRunner.java:233)
	at org.springframework.test.context.junit4.SpringJUnit4ClassRunner.runChild(SpringJUnit4ClassRunner.java:87)
	at org.junit.runners.ParentRunner$3.run(ParentRunner.java:238)
	at org.junit.runners.ParentRunner$1.schedule(ParentRunner.java:63)
	at org.junit.runners.ParentRunner.runChildren(ParentRunner.java:236)
	at org.junit.runners.ParentRunner.access$000(ParentRunner.java:53)
	at org.junit.runners.ParentRunner$2.evaluate(ParentRunner.java:229)
	at org.junit.internal.runners.statements.RunBefores.evaluate(RunBefores.java:26)
	at org.springframework.test.context.junit4.statements.RunBeforeTestClassCallbacks.evaluate(RunBeforeTestClassCallbacks.java:61)
	at org.springframework.test.context.junit4.statements.RunAfterTestClassCallbacks.evaluate(RunAfterTestClassCallbacks.java:71)
	at org.junit.runners.ParentRunner.run(ParentRunner.java:309)
	at org.springframework.test.context.junit4.SpringJUnit4ClassRunner.run(SpringJUnit4ClassRunner.java:176)
	at org.gradle.api.internal.tasks.testing.junit.JUnitTestClassExecuter.runTestClass(JUnitTestClassExecuter.java:86)
	at org.gradle.api.internal.tasks.testing.junit.JUnitTestClassExecuter.execute(JUnitTestClassExecuter.java:49)
	at org.gradle.api.internal.tasks.testing.junit.JUnitTestClassProcessor.processTestClass(JUnitTestClassProcessor.java:64)
	at org.gradle.api.internal.tasks.testing.SuiteTestClassProcessor.processTestClass(SuiteTestClassProcessor.java:50)
	at sun.reflect.NativeMethodAccessorImpl.invoke0(Native Method)
	at sun.reflect.NativeMethodAccessorImpl.invoke(NativeMethodAccessorImpl.java:57)
	at sun.reflect.DelegatingMethodAccessorImpl.invoke(DelegatingMethodAccessorImpl.java:43)
	at java.lang.reflect.Method.invoke(Method.java:606)
	at org.gradle.messaging.dispatch.ReflectionDispatch.dispatch(ReflectionDispatch.java:35)
	at org.gradle.messaging.dispatch.ReflectionDispatch.dispatch(ReflectionDispatch.java:24)
	at org.gradle.messaging.dispatch.ContextClassLoaderDispatch.dispatch(ContextClassLoaderDispatch.java:32)
	at org.gradle.messaging.dispatch.ProxyDispatchAdapter$DispatchingInvocationHandler.invoke(ProxyDispatchAdapter.java:93)
	at com.sun.proxy.$Proxy2.processTestClass(Unknown Source)
	at org.gradle.api.internal.tasks.testing.worker.TestWorker.processTestClass(TestWorker.java:106)
	at sun.reflect.NativeMethodAccessorImpl.invoke0(Native Method)
	at sun.reflect.NativeMethodAccessorImpl.invoke(NativeMethodAccessorImpl.java:57)
	at sun.reflect.DelegatingMethodAccessorImpl.invoke(DelegatingMethodAccessorImpl.java:43)
	at java.lang.reflect.Method.invoke(Method.java:606)
	at org.gradle.messaging.dispatch.ReflectionDispatch.dispatch(ReflectionDispatch.java:35)
	at org.gradle.messaging.dispatch.ReflectionDispatch.dispatch(ReflectionDispatch.java:24)
	at org.gradle.messaging.remote.internal.hub.MessageHub$Handler.run(MessageHub.java:360)
	at org.gradle.internal.concurrent.DefaultExecutorFactory$StoppableExecutorImpl$1.run(DefaultExecutorFactory.java:64)
	at java.util.concurrent.ThreadPoolExecutor.runWorker(ThreadPoolExecutor.java:1145)
	at java.util.concurrent.ThreadPoolExecutor$Worker.run(ThreadPoolExecutor.java:615)
	at java.lang.Thread.run(Thread.java:745)
Roles.roleName size must be between 0 and 256
java.lang.SecurityException: Roles.roleName size must be between 0 and 256
	at com.athena.server.pluggable.utils.helper.EntityValidatorHelper.validateEntity(EntityValidatorHelper.java:37)
	at com.app.shared.appbasicsetup.userrolemanagement.Roles.isValid(Roles.java:253)
	at com.app.server.service.appbasicsetup.userrolemanagement.RolesTestCase.validateRoles(RolesTestCase.java:217)
	at com.app.server.service.appbasicsetup.userrolemanagement.RolesTestCase.test5NegativeTesting(RolesTestCase.java:259)
	at sun.reflect.NativeMethodAccessorImpl.invoke0(Native Method)
	at sun.reflect.NativeMethodAccessorImpl.invoke(NativeMethodAccessorImpl.java:57)
	at sun.reflect.DelegatingMethodAccessorImpl.invoke(DelegatingMethodAccessorImpl.java:43)
	at java.lang.reflect.Method.invoke(Method.java:606)
	at org.junit.runners.model.FrameworkMethod$1.runReflectiveCall(FrameworkMethod.java:47)
	at org.junit.internal.runners.model.ReflectiveCallable.run(ReflectiveCallable.java:12)
	at org.junit.runners.model.FrameworkMethod.invokeExplosively(FrameworkMethod.java:44)
	at org.junit.internal.runners.statements.InvokeMethod.evaluate(InvokeMethod.java:17)
	at org.junit.internal.runners.statements.RunBefores.evaluate(RunBefores.java:26)
	at org.springframework.test.context.junit4.statements.RunBeforeTestMethodCallbacks.evaluate(RunBeforeTestMethodCallbacks.java:74)
	at org.junit.internal.runners.statements.RunAfters.evaluate(RunAfters.java:27)
	at org.springframework.test.context.junit4.statements.RunAfterTestMethodCallbacks.evaluate(RunAfterTestMethodCallbacks.java:83)
	at org.springframework.test.context.junit4.statements.SpringRepeat.evaluate(SpringRepeat.java:72)
	at org.springframework.test.context.junit4.SpringJUnit4ClassRunner.runChild(SpringJUnit4ClassRunner.java:233)
	at org.springframework.test.context.junit4.SpringJUnit4ClassRunner.runChild(SpringJUnit4ClassRunner.java:87)
	at org.junit.runners.ParentRunner$3.run(ParentRunner.java:238)
	at org.junit.runners.ParentRunner$1.schedule(ParentRunner.java:63)
	at org.junit.runners.ParentRunner.runChildren(ParentRunner.java:236)
	at org.junit.runners.ParentRunner.access$000(ParentRunner.java:53)
	at org.junit.runners.ParentRunner$2.evaluate(ParentRunner.java:229)
	at org.junit.internal.runners.statements.RunBefores.evaluate(RunBefores.java:26)
	at org.springframework.test.context.junit4.statements.RunBeforeTestClassCallbacks.evaluate(RunBeforeTestClassCallbacks.java:61)
	at org.springframework.test.context.junit4.statements.RunAfterTestClassCallbacks.evaluate(RunAfterTestClassCallbacks.java:71)
	at org.junit.runners.ParentRunner.run(ParentRunner.java:309)
	at org.springframework.test.context.junit4.SpringJUnit4ClassRunner.run(SpringJUnit4ClassRunner.java:176)
	at org.gradle.api.internal.tasks.testing.junit.JUnitTestClassExecuter.runTestClass(JUnitTestClassExecuter.java:86)
	at org.gradle.api.internal.tasks.testing.junit.JUnitTestClassExecuter.execute(JUnitTestClassExecuter.java:49)
	at org.gradle.api.internal.tasks.testing.junit.JUnitTestClassProcessor.processTestClass(JUnitTestClassProcessor.java:64)
	at org.gradle.api.internal.tasks.testing.SuiteTestClassProcessor.processTestClass(SuiteTestClassProcessor.java:50)
	at sun.reflect.NativeMethodAccessorImpl.invoke0(Native Method)
	at sun.reflect.NativeMethodAccessorImpl.invoke(NativeMethodAccessorImpl.java:57)
	at sun.reflect.DelegatingMethodAccessorImpl.invoke(DelegatingMethodAccessorImpl.java:43)
	at java.lang.reflect.Method.invoke(Method.java:606)
	at org.gradle.messaging.dispatch.ReflectionDispatch.dispatch(ReflectionDispatch.java:35)
	at org.gradle.messaging.dispatch.ReflectionDispatch.dispatch(ReflectionDispatch.java:24)
	at org.gradle.messaging.dispatch.ContextClassLoaderDispatch.dispatch(ContextClassLoaderDispatch.java:32)
	at org.gradle.messaging.dispatch.ProxyDispatchAdapter$DispatchingInvocationHandler.invoke(ProxyDispatchAdapter.java:93)
	at com.sun.proxy.$Proxy2.processTestClass(Unknown Source)
	at org.gradle.api.internal.tasks.testing.worker.TestWorker.processTestClass(TestWorker.java:106)
	at sun.reflect.NativeMethodAccessorImpl.invoke0(Native Method)
	at sun.reflect.NativeMethodAccessorImpl.invoke(NativeMethodAccessorImpl.java:57)
	at sun.reflect.DelegatingMethodAccessorImpl.invoke(DelegatingMethodAccessorImpl.java:43)
	at java.lang.reflect.Method.invoke(Method.java:606)
	at org.gradle.messaging.dispatch.ReflectionDispatch.dispatch(ReflectionDispatch.java:35)
	at org.gradle.messaging.dispatch.ReflectionDispatch.dispatch(ReflectionDispatch.java:24)
	at org.gradle.messaging.remote.internal.hub.MessageHub$Handler.run(MessageHub.java:360)
	at org.gradle.internal.concurrent.DefaultExecutorFactory$StoppableExecutorImpl$1.run(DefaultExecutorFactory.java:64)
	at java.util.concurrent.ThreadPoolExecutor.runWorker(ThreadPoolExecutor.java:1145)
	at java.util.concurrent.ThreadPoolExecutor$Worker.run(ThreadPoolExecutor.java:615)
	at java.lang.Thread.run(Thread.java:745)
java.lang.NoSuchFieldException: RoleDescription
	at java.lang.Class.getDeclaredField(Class.java:1961)
	at com.app.server.service.appbasicsetup.userrolemanagement.RolesTestCase.test5NegativeTesting(RolesTestCase.java:246)
	at sun.reflect.NativeMethodAccessorImpl.invoke0(Native Method)
	at sun.reflect.NativeMethodAccessorImpl.invoke(NativeMethodAccessorImpl.java:57)
	at sun.reflect.DelegatingMethodAccessorImpl.invoke(DelegatingMethodAccessorImpl.java:43)
	at java.lang.reflect.Method.invoke(Method.java:606)
	at org.junit.runners.model.FrameworkMethod$1.runReflectiveCall(FrameworkMethod.java:47)
	at org.junit.internal.runners.model.ReflectiveCallable.run(ReflectiveCallable.java:12)
	at org.junit.runners.model.FrameworkMethod.invokeExplosively(FrameworkMethod.java:44)
	at org.junit.internal.runners.statements.InvokeMethod.evaluate(InvokeMethod.java:17)
	at org.junit.internal.runners.statements.RunBefores.evaluate(RunBefores.java:26)
	at org.springframework.test.context.junit4.statements.RunBeforeTestMethodCallbacks.evaluate(RunBeforeTestMethodCallbacks.java:74)
	at org.junit.internal.runners.statements.RunAfters.evaluate(RunAfters.java:27)
	at org.springframework.test.context.junit4.statements.RunAfterTestMethodCallbacks.evaluate(RunAfterTestMethodCallbacks.java:83)
	at org.springframework.test.context.junit4.statements.SpringRepeat.evaluate(SpringRepeat.java:72)
	at org.springframework.test.context.junit4.SpringJUnit4ClassRunner.runChild(SpringJUnit4ClassRunner.java:233)
	at org.springframework.test.context.junit4.SpringJUnit4ClassRunner.runChild(SpringJUnit4ClassRunner.java:87)
	at org.junit.runners.ParentRunner$3.run(ParentRunner.java:238)
	at org.junit.runners.ParentRunner$1.schedule(ParentRunner.java:63)
	at org.junit.runners.ParentRunner.runChildren(ParentRunner.java:236)
	at org.junit.runners.ParentRunner.access$000(ParentRunner.java:53)
	at org.junit.runners.ParentRunner$2.evaluate(ParentRunner.java:229)
	at org.junit.internal.runners.statements.RunBefores.evaluate(RunBefores.java:26)
	at org.springframework.test.context.junit4.statements.RunBeforeTestClassCallbacks.evaluate(RunBeforeTestClassCallbacks.java:61)
	at org.springframework.test.context.junit4.statements.RunAfterTestClassCallbacks.evaluate(RunAfterTestClassCallbacks.java:71)
	at org.junit.runners.ParentRunner.run(ParentRunner.java:309)
	at org.springframework.test.context.junit4.SpringJUnit4ClassRunner.run(SpringJUnit4ClassRunner.java:176)
	at org.gradle.api.internal.tasks.testing.junit.JUnitTestClassExecuter.runTestClass(JUnitTestClassExecuter.java:86)
	at org.gradle.api.internal.tasks.testing.junit.JUnitTestClassExecuter.execute(JUnitTestClassExecuter.java:49)
	at org.gradle.api.internal.tasks.testing.junit.JUnitTestClassProcessor.processTestClass(JUnitTestClassProcessor.java:64)
	at org.gradle.api.internal.tasks.testing.SuiteTestClassProcessor.processTestClass(SuiteTestClassProcessor.java:50)
	at sun.reflect.NativeMethodAccessorImpl.invoke0(Native Method)
	at sun.reflect.NativeMethodAccessorImpl.invoke(NativeMethodAccessorImpl.java:57)
	at sun.reflect.DelegatingMethodAccessorImpl.invoke(DelegatingMethodAccessorImpl.java:43)
	at java.lang.reflect.Method.invoke(Method.java:606)
	at org.gradle.messaging.dispatch.ReflectionDispatch.dispatch(ReflectionDispatch.java:35)
	at org.gradle.messaging.dispatch.ReflectionDispatch.dispatch(ReflectionDispatch.java:24)
	at org.gradle.messaging.dispatch.ContextClassLoaderDispatch.dispatch(ContextClassLoaderDispatch.java:32)
	at org.gradle.messaging.dispatch.ProxyDispatchAdapter$DispatchingInvocationHandler.invoke(ProxyDispatchAdapter.java:93)
	at com.sun.proxy.$Proxy2.processTestClass(Unknown Source)
	at org.gradle.api.internal.tasks.testing.worker.TestWorker.processTestClass(TestWorker.java:106)
	at sun.reflect.NativeMethodAccessorImpl.invoke0(Native Method)
	at sun.reflect.NativeMethodAccessorImpl.invoke(NativeMethodAccessorImpl.java:57)
	at sun.reflect.DelegatingMethodAccessorImpl.invoke(DelegatingMethodAccessorImpl.java:43)
	at java.lang.reflect.Method.invoke(Method.java:606)
	at org.gradle.messaging.dispatch.ReflectionDispatch.dispatch(ReflectionDispatch.java:35)
	at org.gradle.messaging.dispatch.ReflectionDispatch.dispatch(ReflectionDispatch.java:24)
	at org.gradle.messaging.remote.internal.hub.MessageHub$Handler.run(MessageHub.java:360)
	at org.gradle.internal.concurrent.DefaultExecutorFactory$StoppableExecutorImpl$1.run(DefaultExecutorFactory.java:64)
	at java.util.concurrent.ThreadPoolExecutor.runWorker(ThreadPoolExecutor.java:1145)
	at java.util.concurrent.ThreadPoolExecutor$Worker.run(ThreadPoolExecutor.java:615)
	at java.lang.Thread.run(Thread.java:745)
Roles.roleDescription size must be between 0 and 256
java.lang.SecurityException: Roles.roleDescription size must be between 0 and 256
	at com.athena.server.pluggable.utils.helper.EntityValidatorHelper.validateEntity(EntityValidatorHelper.java:37)
	at com.app.shared.appbasicsetup.userrolemanagement.Roles.isValid(Roles.java:253)
	at com.app.server.service.appbasicsetup.userrolemanagement.RolesTestCase.validateRoles(RolesTestCase.java:217)
	at com.app.server.service.appbasicsetup.userrolemanagement.RolesTestCase.test5NegativeTesting(RolesTestCase.java:270)
	at sun.reflect.NativeMethodAccessorImpl.invoke0(Native Method)
	at sun.reflect.NativeMethodAccessorImpl.invoke(NativeMethodAccessorImpl.java:57)
	at sun.reflect.DelegatingMethodAccessorImpl.invoke(DelegatingMethodAccessorImpl.java:43)
	at java.lang.reflect.Method.invoke(Method.java:606)
	at org.junit.runners.model.FrameworkMethod$1.runReflectiveCall(FrameworkMethod.java:47)
	at org.junit.internal.runners.model.ReflectiveCallable.run(ReflectiveCallable.java:12)
	at org.junit.runners.model.FrameworkMethod.invokeExplosively(FrameworkMethod.java:44)
	at org.junit.internal.runners.statements.InvokeMethod.evaluate(InvokeMethod.java:17)
	at org.junit.internal.runners.statements.RunBefores.evaluate(RunBefores.java:26)
	at org.springframework.test.context.junit4.statements.RunBeforeTestMethodCallbacks.evaluate(RunBeforeTestMethodCallbacks.java:74)
	at org.junit.internal.runners.statements.RunAfters.evaluate(RunAfters.java:27)
	at org.springframework.test.context.junit4.statements.RunAfterTestMethodCallbacks.evaluate(RunAfterTestMethodCallbacks.java:83)
	at org.springframework.test.context.junit4.statements.SpringRepeat.evaluate(SpringRepeat.java:72)
	at org.springframework.test.context.junit4.SpringJUnit4ClassRunner.runChild(SpringJUnit4ClassRunner.java:233)
	at org.springframework.test.context.junit4.SpringJUnit4ClassRunner.runChild(SpringJUnit4ClassRunner.java:87)
	at org.junit.runners.ParentRunner$3.run(ParentRunner.java:238)
	at org.junit.runners.ParentRunner$1.schedule(ParentRunner.java:63)
	at org.junit.runners.ParentRunner.runChildren(ParentRunner.java:236)
	at org.junit.runners.ParentRunner.access$000(ParentRunner.java:53)
	at org.junit.runners.ParentRunner$2.evaluate(ParentRunner.java:229)
	at org.junit.internal.runners.statements.RunBefores.evaluate(RunBefores.java:26)
	at org.springframework.test.context.junit4.statements.RunBeforeTestClassCallbacks.evaluate(RunBeforeTestClassCallbacks.java:61)
	at org.springframework.test.context.junit4.statements.RunAfterTestClassCallbacks.evaluate(RunAfterTestClassCallbacks.java:71)
	at org.junit.runners.ParentRunner.run(ParentRunner.java:309)
	at org.springframework.test.context.junit4.SpringJUnit4ClassRunner.run(SpringJUnit4ClassRunner.java:176)
	at org.gradle.api.internal.tasks.testing.junit.JUnitTestClassExecuter.runTestClass(JUnitTestClassExecuter.java:86)
	at org.gradle.api.internal.tasks.testing.junit.JUnitTestClassExecuter.execute(JUnitTestClassExecuter.java:49)
	at org.gradle.api.internal.tasks.testing.junit.JUnitTestClassProcessor.processTestClass(JUnitTestClassProcessor.java:64)
	at org.gradle.api.internal.tasks.testing.SuiteTestClassProcessor.processTestClass(SuiteTestClassProcessor.java:50)
	at sun.reflect.NativeMethodAccessorImpl.invoke0(Native Method)
	at sun.reflect.NativeMethodAccessorImpl.invoke(NativeMethodAccessorImpl.java:57)
	at sun.reflect.DelegatingMethodAccessorImpl.invoke(DelegatingMethodAccessorImpl.java:43)
	at java.lang.reflect.Method.invoke(Method.java:606)
	at org.gradle.messaging.dispatch.ReflectionDispatch.dispatch(ReflectionDispatch.java:35)
	at org.gradle.messaging.dispatch.ReflectionDispatch.dispatch(ReflectionDispatch.java:24)
	at org.gradle.messaging.dispatch.ContextClassLoaderDispatch.dispatch(ContextClassLoaderDispatch.java:32)
	at org.gradle.messaging.dispatch.ProxyDispatchAdapter$DispatchingInvocationHandler.invoke(ProxyDispatchAdapter.java:93)
	at com.sun.proxy.$Proxy2.processTestClass(Unknown Source)
	at org.gradle.api.internal.tasks.testing.worker.TestWorker.processTestClass(TestWorker.java:106)
	at sun.reflect.NativeMethodAccessorImpl.invoke0(Native Method)
	at sun.reflect.NativeMethodAccessorImpl.invoke(NativeMethodAccessorImpl.java:57)
	at sun.reflect.DelegatingMethodAccessorImpl.invoke(DelegatingMethodAccessorImpl.java:43)
	at java.lang.reflect.Method.invoke(Method.java:606)
	at org.gradle.messaging.dispatch.ReflectionDispatch.dispatch(ReflectionDispatch.java:35)
	at org.gradle.messaging.dispatch.ReflectionDispatch.dispatch(ReflectionDispatch.java:24)
	at org.gradle.messaging.remote.internal.hub.MessageHub$Handler.run(MessageHub.java:360)
	at org.gradle.internal.concurrent.DefaultExecutorFactory$StoppableExecutorImpl$1.run(DefaultExecutorFactory.java:64)
	at java.util.concurrent.ThreadPoolExecutor.runWorker(ThreadPoolExecutor.java:1145)
	at java.util.concurrent.ThreadPoolExecutor$Worker.run(ThreadPoolExecutor.java:615)
	at java.lang.Thread.run(Thread.java:745)
Roles.roleIcon size must be between 0 and 64
java.lang.SecurityException: Roles.roleIcon size must be between 0 and 64
	at com.athena.server.pluggable.utils.helper.EntityValidatorHelper.validateEntity(EntityValidatorHelper.java:37)
	at com.app.shared.appbasicsetup.userrolemanagement.Roles.isValid(Roles.java:253)
	at com.app.server.service.appbasicsetup.userrolemanagement.RolesTestCase.validateRoles(RolesTestCase.java:217)
	at com.app.server.service.appbasicsetup.userrolemanagement.RolesTestCase.test5NegativeTesting(RolesTestCase.java:275)
	at sun.reflect.NativeMethodAccessorImpl.invoke0(Native Method)
	at sun.reflect.NativeMethodAccessorImpl.invoke(NativeMethodAccessorImpl.java:57)
	at sun.reflect.DelegatingMethodAccessorImpl.invoke(DelegatingMethodAccessorImpl.java:43)
	at java.lang.reflect.Method.invoke(Method.java:606)
	at org.junit.runners.model.FrameworkMethod$1.runReflectiveCall(FrameworkMethod.java:47)
	at org.junit.internal.runners.model.ReflectiveCallable.run(ReflectiveCallable.java:12)
	at org.junit.runners.model.FrameworkMethod.invokeExplosively(FrameworkMethod.java:44)
	at org.junit.internal.runners.statements.InvokeMethod.evaluate(InvokeMethod.java:17)
	at org.junit.internal.runners.statements.RunBefores.evaluate(RunBefores.java:26)
	at org.springframework.test.context.junit4.statements.RunBeforeTestMethodCallbacks.evaluate(RunBeforeTestMethodCallbacks.java:74)
	at org.junit.internal.runners.statements.RunAfters.evaluate(RunAfters.java:27)
	at org.springframework.test.context.junit4.statements.RunAfterTestMethodCallbacks.evaluate(RunAfterTestMethodCallbacks.java:83)
	at org.springframework.test.context.junit4.statements.SpringRepeat.evaluate(SpringRepeat.java:72)
	at org.springframework.test.context.junit4.SpringJUnit4ClassRunner.runChild(SpringJUnit4ClassRunner.java:233)
	at org.springframework.test.context.junit4.SpringJUnit4ClassRunner.runChild(SpringJUnit4ClassRunner.java:87)
	at org.junit.runners.ParentRunner$3.run(ParentRunner.java:238)
	at org.junit.runners.ParentRunner$1.schedule(ParentRunner.java:63)
	at org.junit.runners.ParentRunner.runChildren(ParentRunner.java:236)
	at org.junit.runners.ParentRunner.access$000(ParentRunner.java:53)
	at org.junit.runners.ParentRunner$2.evaluate(ParentRunner.java:229)
	at org.junit.internal.runners.statements.RunBefores.evaluate(RunBefores.java:26)
	at org.springframework.test.context.junit4.statements.RunBeforeTestClassCallbacks.evaluate(RunBeforeTestClassCallbacks.java:61)
	at org.springframework.test.context.junit4.statements.RunAfterTestClassCallbacks.evaluate(RunAfterTestClassCallbacks.java:71)
	at org.junit.runners.ParentRunner.run(ParentRunner.java:309)
	at org.springframework.test.context.junit4.SpringJUnit4ClassRunner.run(SpringJUnit4ClassRunner.java:176)
	at org.gradle.api.internal.tasks.testing.junit.JUnitTestClassExecuter.runTestClass(JUnitTestClassExecuter.java:86)
	at org.gradle.api.internal.tasks.testing.junit.JUnitTestClassExecuter.execute(JUnitTestClassExecuter.java:49)
	at org.gradle.api.internal.tasks.testing.junit.JUnitTestClassProcessor.processTestClass(JUnitTestClassProcessor.java:64)
	at org.gradle.api.internal.tasks.testing.SuiteTestClassProcessor.processTestClass(SuiteTestClassProcessor.java:50)
	at sun.reflect.NativeMethodAccessorImpl.invoke0(Native Method)
	at sun.reflect.NativeMethodAccessorImpl.invoke(NativeMethodAccessorImpl.java:57)
	at sun.reflect.DelegatingMethodAccessorImpl.invoke(DelegatingMethodAccessorImpl.java:43)
	at java.lang.reflect.Method.invoke(Method.java:606)
	at org.gradle.messaging.dispatch.ReflectionDispatch.dispatch(ReflectionDispatch.java:35)
	at org.gradle.messaging.dispatch.ReflectionDispatch.dispatch(ReflectionDispatch.java:24)
	at org.gradle.messaging.dispatch.ContextClassLoaderDispatch.dispatch(ContextClassLoaderDispatch.java:32)
	at org.gradle.messaging.dispatch.ProxyDispatchAdapter$DispatchingInvocationHandler.invoke(ProxyDispatchAdapter.java:93)
	at com.sun.proxy.$Proxy2.processTestClass(Unknown Source)
	at org.gradle.api.internal.tasks.testing.worker.TestWorker.processTestClass(TestWorker.java:106)
	at sun.reflect.NativeMethodAccessorImpl.invoke0(Native Method)
	at sun.reflect.NativeMethodAccessorImpl.invoke(NativeMethodAccessorImpl.java:57)
	at sun.reflect.DelegatingMethodAccessorImpl.invoke(DelegatingMethodAccessorImpl.java:43)
	at java.lang.reflect.Method.invoke(Method.java:606)
	at org.gradle.messaging.dispatch.ReflectionDispatch.dispatch(ReflectionDispatch.java:35)
	at org.gradle.messaging.dispatch.ReflectionDispatch.dispatch(ReflectionDispatch.java:24)
	at org.gradle.messaging.remote.internal.hub.MessageHub$Handler.run(MessageHub.java:360)
	at org.gradle.internal.concurrent.DefaultExecutorFactory$StoppableExecutorImpl$1.run(DefaultExecutorFactory.java:64)
	at java.util.concurrent.ThreadPoolExecutor.runWorker(ThreadPoolExecutor.java:1145)
	at java.util.concurrent.ThreadPoolExecutor$Worker.run(ThreadPoolExecutor.java:615)
	at java.lang.Thread.run(Thread.java:745)
Roles.roleHelp size must be between 0 and 256
java.lang.SecurityException: Roles.roleHelp size must be between 0 and 256
	at com.athena.server.pluggable.utils.helper.EntityValidatorHelper.validateEntity(EntityValidatorHelper.java:37)
	at com.app.shared.appbasicsetup.userrolemanagement.Roles.isValid(Roles.java:253)
	at com.app.server.service.appbasicsetup.userrolemanagement.RolesTestCase.validateRoles(RolesTestCase.java:217)
	at com.app.server.service.appbasicsetup.userrolemanagement.RolesTestCase.test5NegativeTesting(RolesTestCase.java:280)
	at sun.reflect.NativeMethodAccessorImpl.invoke0(Native Method)
	at sun.reflect.NativeMethodAccessorImpl.invoke(NativeMethodAccessorImpl.java:57)
	at sun.reflect.DelegatingMethodAccessorImpl.invoke(DelegatingMethodAccessorImpl.java:43)
	at java.lang.reflect.Method.invoke(Method.java:606)
	at org.junit.runners.model.FrameworkMethod$1.runReflectiveCall(FrameworkMethod.java:47)
	at org.junit.internal.runners.model.ReflectiveCallable.run(ReflectiveCallable.java:12)
	at org.junit.runners.model.FrameworkMethod.invokeExplosively(FrameworkMethod.java:44)
	at org.junit.internal.runners.statements.InvokeMethod.evaluate(InvokeMethod.java:17)
	at org.junit.internal.runners.statements.RunBefores.evaluate(RunBefores.java:26)
	at org.springframework.test.context.junit4.statements.RunBeforeTestMethodCallbacks.evaluate(RunBeforeTestMethodCallbacks.java:74)
	at org.junit.internal.runners.statements.RunAfters.evaluate(RunAfters.java:27)
	at org.springframework.test.context.junit4.statements.RunAfterTestMethodCallbacks.evaluate(RunAfterTestMethodCallbacks.java:83)
	at org.springframework.test.context.junit4.statements.SpringRepeat.evaluate(SpringRepeat.java:72)
	at org.springframework.test.context.junit4.SpringJUnit4ClassRunner.runChild(SpringJUnit4ClassRunner.java:233)
	at org.springframework.test.context.junit4.SpringJUnit4ClassRunner.runChild(SpringJUnit4ClassRunner.java:87)
	at org.junit.runners.ParentRunner$3.run(ParentRunner.java:238)
	at org.junit.runners.ParentRunner$1.schedule(ParentRunner.java:63)
	at org.junit.runners.ParentRunner.runChildren(ParentRunner.java:236)
	at org.junit.runners.ParentRunner.access$000(ParentRunner.java:53)
	at org.junit.runners.ParentRunner$2.evaluate(ParentRunner.java:229)
	at org.junit.internal.runners.statements.RunBefores.evaluate(RunBefores.java:26)
	at org.springframework.test.context.junit4.statements.RunBeforeTestClassCallbacks.evaluate(RunBeforeTestClassCallbacks.java:61)
	at org.springframework.test.context.junit4.statements.RunAfterTestClassCallbacks.evaluate(RunAfterTestClassCallbacks.java:71)
	at org.junit.runners.ParentRunner.run(ParentRunner.java:309)
	at org.springframework.test.context.junit4.SpringJUnit4ClassRunner.run(SpringJUnit4ClassRunner.java:176)
	at org.gradle.api.internal.tasks.testing.junit.JUnitTestClassExecuter.runTestClass(JUnitTestClassExecuter.java:86)
	at org.gradle.api.internal.tasks.testing.junit.JUnitTestClassExecuter.execute(JUnitTestClassExecuter.java:49)
	at org.gradle.api.internal.tasks.testing.junit.JUnitTestClassProcessor.processTestClass(JUnitTestClassProcessor.java:64)
	at org.gradle.api.internal.tasks.testing.SuiteTestClassProcessor.processTestClass(SuiteTestClassProcessor.java:50)
	at sun.reflect.NativeMethodAccessorImpl.invoke0(Native Method)
	at sun.reflect.NativeMethodAccessorImpl.invoke(NativeMethodAccessorImpl.java:57)
	at sun.reflect.DelegatingMethodAccessorImpl.invoke(DelegatingMethodAccessorImpl.java:43)
	at java.lang.reflect.Method.invoke(Method.java:606)
	at org.gradle.messaging.dispatch.ReflectionDispatch.dispatch(ReflectionDispatch.java:35)
	at org.gradle.messaging.dispatch.ReflectionDispatch.dispatch(ReflectionDispatch.java:24)
	at org.gradle.messaging.dispatch.ContextClassLoaderDispatch.dispatch(ContextClassLoaderDispatch.java:32)
	at org.gradle.messaging.dispatch.ProxyDispatchAdapter$DispatchingInvocationHandler.invoke(ProxyDispatchAdapter.java:93)
	at com.sun.proxy.$Proxy2.processTestClass(Unknown Source)
	at org.gradle.api.internal.tasks.testing.worker.TestWorker.processTestClass(TestWorker.java:106)
	at sun.reflect.NativeMethodAccessorImpl.invoke0(Native Method)
	at sun.reflect.NativeMethodAccessorImpl.invoke(NativeMethodAccessorImpl.java:57)
	at sun.reflect.DelegatingMethodAccessorImpl.invoke(DelegatingMethodAccessorImpl.java:43)
	at java.lang.reflect.Method.invoke(Method.java:606)
	at org.gradle.messaging.dispatch.ReflectionDispatch.dispatch(ReflectionDispatch.java:35)
	at org.gradle.messaging.dispatch.ReflectionDispatch.dispatch(ReflectionDispatch.java:24)
	at org.gradle.messaging.remote.internal.hub.MessageHub$Handler.run(MessageHub.java:360)
	at org.gradle.internal.concurrent.DefaultExecutorFactory$StoppableExecutorImpl$1.run(DefaultExecutorFactory.java:64)
	at java.util.concurrent.ThreadPoolExecutor.runWorker(ThreadPoolExecutor.java:1145)
	at java.util.concurrent.ThreadPoolExecutor$Worker.run(ThreadPoolExecutor.java:615)
	at java.lang.Thread.run(Thread.java:745)
]]></system-err>
</testsuite>
